<?xml version="1.0" encoding="UTF-8"?>
<!-- Generated by org.testng.reporters.JUnitReportReporter -->
<testsuite hostname="LAPTOP-APQCE3EE" failures="0" tests="3" name="testcases.Testmodule1" time="0.178" errors="0" timestamp="2024-04-22T18:06:17 IST" skipped="0">
  <testcase classname="testcases.Testmodule1" name="testcase1" time="0.176"/>
  <system-out/>
  <testcase classname="testcases.Testmodule1" name="testcase2" time="0.001"/>
  <system-out/>
  <testcase classname="testcases.Testmodule1" name="testcase3" time="0.001"/>
  <system-out/>
</testsuite> <!-- testcases.Testmodule1 -->
